<?xml version="1.0" encoding="UTF-8"?>
<!-- Generated by org.testng.reporters.JUnitReportReporter -->
<testsuite hostname="DESKTOP-FB27E98" name="openbaidu.openbaidu" tests="1" failures="0" timestamp="18 Mar 2019 01:09:47 GMT" time="27.899" errors="0">
  <testcase name="setUp" time="27.899" classname="openbaidu.openbaidu"/>
</testsuite> <!-- openbaidu.openbaidu -->
